  Building Custom Rule C:/Users/doola/OneDrive/Documents/Github/Base/BasisServer/EnetGeneration/Source/Native/CMakeLists.txt
  enet.c
C:\Users\doola\OneDrive\Documents\Github\Base\BasisServer\EnetGeneration\Source\Native\enet.h(733,15): warning C4273: 'enet_initialize': inconsistent dll linkage
  (compiling source file '../Source/Native/enet.c')
  C:\Users\doola\OneDrive\Documents\Github\Base\BasisServer\EnetGeneration\Source\Native\enet.h(80,18):
  see previous definition of 'enet_initialize'
  
C:\Users\doola\OneDrive\Documents\Github\Base\BasisServer\EnetGeneration\Source\Native\enet.h(736,48): warning C4142: 'enet_linked_version': benign redefinition of type
  (compiling source file '../Source/Native/enet.c')
  C:\Users\doola\OneDrive\Documents\Github\Base\BasisServer\EnetGeneration\Source\Native\enet.h(81,18):
  see declaration of 'enet_linked_version'
  
C:\Users\doola\OneDrive\Documents\Github\Base\BasisServer\EnetGeneration\Source\Native\enet.h(736,23): warning C4273: 'enet_linked_version': inconsistent dll linkage
  (compiling source file '../Source/Native/enet.c')
  C:\Users\doola\OneDrive\Documents\Github\Base\BasisServer\EnetGeneration\Source\Native\enet.h(81,18):
  see previous definition of 'enet_linked_version'
  
C:\Users\doola\OneDrive\Documents\Github\Base\BasisServer\EnetGeneration\Source\Native\enet.h(1161,40): warning C4142: 'enet_linked_version': benign redefinition of type
  (compiling source file '../Source/Native/enet.c')
  C:\Users\doola\OneDrive\Documents\Github\Base\BasisServer\EnetGeneration\Source\Native\enet.h(81,18):
  see declaration of 'enet_linked_version'
  
C:\Users\doola\OneDrive\Documents\Github\Base\BasisServer\EnetGeneration\Source\Native\enet.h(5229,1): error C1020: unexpected #endif
  (compiling source file '../Source/Native/enet.c')
  
